<?xml version="1.0" encoding="UTF-8"?>
<testsuite name="com.example.app.ExampleUnitTest" tests="1" skipped="0" failures="0" errors="0" timestamp="2023-05-04T06:15:14" hostname="parrot" time="0.006">
  <properties/>
  <testcase name="addition_isCorrect" classname="com.example.app.ExampleUnitTest" time="0.006"/>
  <system-out><![CDATA[]]></system-out>
  <system-err><![CDATA[]]></system-err>
</testsuite>
